[debug] [2022-03-19T12:28:52.142Z] ----------------------------------------------------------------------
[debug] [2022-03-19T12:28:52.143Z] Command:       /Users/mac/.nvm/versions/node/v14.18.1/bin/node /Users/mac/.nvm/versions/node/v14.18.1/bin/firebase deploy --only hosting:bharani2048
[debug] [2022-03-19T12:28:52.144Z] CLI Version:   10.4.0
[debug] [2022-03-19T12:28:52.144Z] Platform:      darwin
[debug] [2022-03-19T12:28:52.144Z] Node Version:  v14.18.1
[debug] [2022-03-19T12:28:52.144Z] Time:          Sat Mar 19 2022 17:58:52 GMT+0530 (India Standard Time)
[debug] [2022-03-19T12:28:52.145Z] ----------------------------------------------------------------------
[debug] 
[debug] [2022-03-19T12:28:52.198Z] > command requires scopes: ["email","openid","https://www.googleapis.com/auth/cloudplatformprojects.readonly","https://www.googleapis.com/auth/firebase","https://www.googleapis.com/auth/cloud-platform"]
[debug] [2022-03-19T12:28:52.198Z] > authorizing via signed-in user (kdeepan538@gmail.com)
[debug] [2022-03-19T12:28:52.198Z] [iam] checking project game-9a74a for permissions ["firebase.projects.get","firebasehosting.sites.update"]
[debug] [2022-03-19T12:28:52.200Z] >>> [apiv2][query] POST https://cloudresourcemanager.googleapis.com/v1/projects/game-9a74a:testIamPermissions [none]
[debug] [2022-03-19T12:28:52.200Z] >>> [apiv2][body] POST https://cloudresourcemanager.googleapis.com/v1/projects/game-9a74a:testIamPermissions {"permissions":["firebase.projects.get","firebasehosting.sites.update"]}
[debug] [2022-03-19T12:28:54.147Z] <<< [apiv2][status] POST https://cloudresourcemanager.googleapis.com/v1/projects/game-9a74a:testIamPermissions 200
[debug] [2022-03-19T12:28:54.147Z] <<< [apiv2][body] POST https://cloudresourcemanager.googleapis.com/v1/projects/game-9a74a:testIamPermissions {"permissions":["firebase.projects.get","firebasehosting.sites.update"]}
[debug] [2022-03-19T12:28:54.148Z] >>> [apiv2][query] GET https://firebase.googleapis.com/v1beta1/projects/game-9a74a [none]
[debug] [2022-03-19T12:28:54.959Z] <<< [apiv2][status] GET https://firebase.googleapis.com/v1beta1/projects/game-9a74a 200
[debug] [2022-03-19T12:28:54.959Z] <<< [apiv2][body] GET https://firebase.googleapis.com/v1beta1/projects/game-9a74a {"projectId":"game-9a74a","projectNumber":"212221337877","displayName":"2048-game","name":"projects/game-9a74a","resources":{"hostingSite":"game-9a74a"},"state":"ACTIVE"}
[info] 
[info] === Deploying to 'game-9a74a'...
[info] 
[info] i  deploying hosting 
[debug] [2022-03-19T12:28:54.961Z] >>> [apiv2][query] GET https://firebase.googleapis.com/v1beta1/projects/game-9a74a [none]
[debug] [2022-03-19T12:28:55.574Z] <<< [apiv2][status] GET https://firebase.googleapis.com/v1beta1/projects/game-9a74a 200
[debug] [2022-03-19T12:28:55.575Z] <<< [apiv2][body] GET https://firebase.googleapis.com/v1beta1/projects/game-9a74a {"projectId":"game-9a74a","projectNumber":"212221337877","displayName":"2048-game","name":"projects/game-9a74a","resources":{"hostingSite":"game-9a74a"},"state":"ACTIVE"}
[debug] [2022-03-19T12:28:55.577Z] >>> [apiv2][query] POST https://firebasehosting.googleapis.com/v1beta1/projects/212221337877/sites/bharani2048/versions [none]
[debug] [2022-03-19T12:28:55.577Z] >>> [apiv2][body] POST https://firebasehosting.googleapis.com/v1beta1/projects/212221337877/sites/bharani2048/versions {"config":{"rewrites":[{"glob":"**","path":"/index.html"}]},"labels":{"deployment-tool":"cli-firebase"}}
[debug] [2022-03-19T12:28:58.447Z] <<< [apiv2][status] POST https://firebasehosting.googleapis.com/v1beta1/projects/212221337877/sites/bharani2048/versions 200
[debug] [2022-03-19T12:28:58.447Z] <<< [apiv2][body] POST https://firebasehosting.googleapis.com/v1beta1/projects/212221337877/sites/bharani2048/versions {"name":"projects/212221337877/sites/bharani2048/versions/a9545d2ad0f89ad6","status":"CREATED","config":{"rewrites":[{"glob":"**","path":"/index.html"}]},"labels":{"deployment-tool":"cli-firebase"}}
[info] i  hosting[bharani2048]: beginning deploy... 
[info] i  hosting[bharani2048]: found 14 files in build 
[debug] [2022-03-19T12:28:58.457Z] [hosting] hash cache [YnVpbGQ] stored for 14 files
[debug] [2022-03-19T12:28:58.458Z] [hosting][hash queue][FINAL] {"max":1,"min":1,"avg":1,"active":0,"complete":14,"success":14,"errored":0,"retried":0,"total":14,"elapsed":2}
[debug] [2022-03-19T12:28:58.458Z] >>> [apiv2][query] POST https://firebasehosting.googleapis.com/v1beta1/projects/212221337877/sites/bharani2048/versions/a9545d2ad0f89ad6:populateFiles [none]
[debug] [2022-03-19T12:28:58.458Z] >>> [apiv2][body] POST https://firebasehosting.googleapis.com/v1beta1/projects/212221337877/sites/bharani2048/versions/a9545d2ad0f89ad6:populateFiles {"files":{"/asset-manifest.json":"93a77c8fb0099e33816d2fcc3b86fae0fa0ca6690da134ad536c261555f63e79","/favicon.ico":"b72f7455f00e4e58792d2bca892abb068e2213838c0316d6b7a0d6d16acd1955","/index.html":"9696740b3fbb8319bede675aed8f20e1425390aac48a11223e4dc80df4d2f706","/logo192.png":"caff018b7f1e8fd481eb1c50d75b0ef236bcd5078b1d15c8bb348453fee30293","/logo512.png":"191fc21360b4ccfb1cda11a1efb97f489ed22672ca83f4064316802bbfdd750e","/manifest.json":"341d52628782f8ac9290bbfc43298afccb47b7cbfcee146ae30cf0f46bc30900","/robots.txt":"391d14b3c2f8c9143a27a28c7399585142228d4d1bdbe2c87ac946de411fa9a2","/static/css/main.073c9b0a.css":"b8b01675d86d4761fda201f6b97efd55ad059f3a43bbf10e2a88b732a23f0f2c","/static/css/main.073c9b0a.css.map":"8d187dc3706361f222aeba61cd3d06d5dcb82b78c0a83bb6b017516a8d7b2d3d","/static/js/787.c584118e.chunk.js":"39fd764685e8806957aa915d1dd0905bc82ae1ec462fcf4aed768e3976f30536","/static/js/787.c584118e.chunk.js.map":"0ef1eefc18ed589a9f7c15bead90b8d37eed8756af89d1db29de3e22f659ec03","/static/js/main.01a8e7db.js":"54ffa227b3cba185e5669a4e7fe5c2c52e649037006c3a162fb4154efb77d5bc","/static/js/main.01a8e7db.js.LICENSE.txt":"d5a3a82278588fd9777e6fdee6c0bfe823d4aa36ca6a7887ce4e31d9aa78a79c","/static/js/main.01a8e7db.js.map":"19ebf602487ad9bf7405c1d473e601e2107d8f771dd980f1e9536f0126e87c76"}}
